2024-01-20 20:14:04,292:WARNING:
'cuml' is a soft dependency and not included in the pycaret installation. Please run: `pip install cuml` to install.
2024-01-20 20:14:04,292:WARNING:
'cuml' is a soft dependency and not included in the pycaret installation. Please run: `pip install cuml` to install.
2024-01-20 20:14:04,307:WARNING:
'cuml' is a soft dependency and not included in the pycaret installation. Please run: `pip install cuml` to install.
2024-01-20 20:14:04,307:WARNING:
'cuml' is a soft dependency and not included in the pycaret installation. Please run: `pip install cuml` to install.
2024-01-20 20:14:04,497:INFO:PyCaret RegressionExperiment
2024-01-20 20:14:04,497:INFO:Logging name: reg-default-name
2024-01-20 20:14:04,497:INFO:ML Usecase: MLUsecase.REGRESSION
2024-01-20 20:14:04,507:INFO:version 3.2.0
2024-01-20 20:14:04,507:INFO:Initializing setup()
2024-01-20 20:14:04,507:INFO:self.USI: b7e2
2024-01-20 20:14:04,507:INFO:self._variable_keys: {'y_test', 'target_param', 'pipeline', 'seed', 'transform_target_param', 'gpu_n_jobs_param', 'USI', 'html_param', 'gpu_param', 'y', 'fold_groups_param', 'n_jobs_param', 'fold_generator', 'y_train', 'exp_id', 'log_plots_param', '_available_plots', 'data', 'X_test', '_ml_usecase', 'logging_param', 'X', 'X_train', 'memory', 'fold_shuffle_param', 'exp_name_log', 'idx'}
2024-01-20 20:14:04,507:INFO:Checking environment
2024-01-20 20:14:04,507:INFO:python_version: 3.11.7
2024-01-20 20:14:04,507:INFO:python_build: ('tags/v3.11.7:fa7a6f2', 'Dec  4 2023 19:24:49')
2024-01-20 20:14:04,507:INFO:machine: AMD64
2024-01-20 20:14:04,993:INFO:platform: Windows-10-10.0.22621-SP0
2024-01-20 20:14:04,993:INFO:Memory: svmem(total=16892026880, available=4552388608, percent=73.1, used=12339638272, free=4552388608)
2024-01-20 20:14:04,993:INFO:Physical Core: 12
2024-01-20 20:14:04,993:INFO:Logical Core: 16
2024-01-20 20:14:04,993:INFO:Checking libraries
2024-01-20 20:14:04,993:INFO:System:
2024-01-20 20:14:04,993:INFO:    python: 3.11.7 (tags/v3.11.7:fa7a6f2, Dec  4 2023, 19:24:49) [MSC v.1937 64 bit (AMD64)]
2024-01-20 20:14:04,993:INFO:executable: D:\Scoop\apps\python311\current\python.exe
2024-01-20 20:14:04,993:INFO:   machine: Windows-10-10.0.22621-SP0
2024-01-20 20:14:04,993:INFO:PyCaret required dependencies:
2024-01-20 20:14:05,077:INFO:                 pip: 23.3.2
2024-01-20 20:14:05,077:INFO:          setuptools: 69.0.3
2024-01-20 20:14:05,078:INFO:             pycaret: 3.2.0
2024-01-20 20:14:05,078:INFO:             IPython: 8.20.0
2024-01-20 20:14:05,078:INFO:          ipywidgets: 8.1.1
2024-01-20 20:14:05,078:INFO:                tqdm: 4.66.1
2024-01-20 20:14:05,078:INFO:               numpy: 1.25.2
2024-01-20 20:14:05,078:INFO:              pandas: 1.5.3
2024-01-20 20:14:05,078:INFO:              jinja2: 3.1.3
2024-01-20 20:14:05,078:INFO:               scipy: 1.10.1
2024-01-20 20:14:05,078:INFO:              joblib: 1.3.2
2024-01-20 20:14:05,078:INFO:             sklearn: 1.2.2
2024-01-20 20:14:05,078:INFO:                pyod: 1.1.2
2024-01-20 20:14:05,078:INFO:            imblearn: 0.11.0
2024-01-20 20:14:05,078:INFO:   category_encoders: 2.6.3
2024-01-20 20:14:05,078:INFO:            lightgbm: 4.2.0
2024-01-20 20:14:05,078:INFO:               numba: 0.58.1
2024-01-20 20:14:05,078:INFO:            requests: 2.31.0
2024-01-20 20:14:05,078:INFO:          matplotlib: 3.6.0
2024-01-20 20:14:05,078:INFO:          scikitplot: 0.3.7
2024-01-20 20:14:05,078:INFO:         yellowbrick: 1.5
2024-01-20 20:14:05,078:INFO:              plotly: 5.18.0
2024-01-20 20:14:05,078:INFO:    plotly-resampler: Not installed
2024-01-20 20:14:05,078:INFO:             kaleido: 0.2.1
2024-01-20 20:14:05,079:INFO:           schemdraw: 0.15
2024-01-20 20:14:05,079:INFO:         statsmodels: 0.14.1
2024-01-20 20:14:05,079:INFO:              sktime: 0.21.1
2024-01-20 20:14:05,079:INFO:               tbats: 1.1.3
2024-01-20 20:14:05,079:INFO:            pmdarima: 2.0.4
2024-01-20 20:14:05,079:INFO:              psutil: 5.9.8
2024-01-20 20:14:05,079:INFO:          markupsafe: 2.1.4
2024-01-20 20:14:05,079:INFO:             pickle5: Not installed
2024-01-20 20:14:05,079:INFO:         cloudpickle: 3.0.0
2024-01-20 20:14:05,079:INFO:         deprecation: 2.1.0
2024-01-20 20:14:05,079:INFO:              xxhash: 3.4.1
2024-01-20 20:14:05,079:INFO:           wurlitzer: Not installed
2024-01-20 20:14:05,079:INFO:PyCaret optional dependencies:
2024-01-20 20:14:05,111:INFO:                shap: Not installed
2024-01-20 20:14:05,111:INFO:           interpret: Not installed
2024-01-20 20:14:05,111:INFO:                umap: Not installed
2024-01-20 20:14:05,111:INFO:     ydata_profiling: Not installed
2024-01-20 20:14:05,111:INFO:  explainerdashboard: Not installed
2024-01-20 20:14:05,111:INFO:             autoviz: Not installed
2024-01-20 20:14:05,111:INFO:           fairlearn: Not installed
2024-01-20 20:14:05,111:INFO:          deepchecks: Not installed
2024-01-20 20:14:05,111:INFO:             xgboost: Not installed
2024-01-20 20:14:05,111:INFO:            catboost: Not installed
2024-01-20 20:14:05,111:INFO:              kmodes: Not installed
2024-01-20 20:14:05,111:INFO:             mlxtend: Not installed
2024-01-20 20:14:05,111:INFO:       statsforecast: Not installed
2024-01-20 20:14:05,111:INFO:        tune_sklearn: Not installed
2024-01-20 20:14:05,111:INFO:                 ray: Not installed
2024-01-20 20:14:05,111:INFO:            hyperopt: Not installed
2024-01-20 20:14:05,111:INFO:              optuna: Not installed
2024-01-20 20:14:05,111:INFO:               skopt: Not installed
2024-01-20 20:14:05,111:INFO:              mlflow: Not installed
2024-01-20 20:14:05,111:INFO:              gradio: Not installed
2024-01-20 20:14:05,111:INFO:             fastapi: Not installed
2024-01-20 20:14:05,111:INFO:             uvicorn: Not installed
2024-01-20 20:14:05,111:INFO:              m2cgen: Not installed
2024-01-20 20:14:05,111:INFO:           evidently: Not installed
2024-01-20 20:14:05,111:INFO:               fugue: Not installed
2024-01-20 20:14:05,111:INFO:           streamlit: Not installed
2024-01-20 20:14:05,111:INFO:             prophet: Not installed
2024-01-20 20:14:05,111:INFO:None
2024-01-20 20:14:05,111:INFO:Set up data.
2024-01-20 20:15:08,808:WARNING:
'cuml' is a soft dependency and not included in the pycaret installation. Please run: `pip install cuml` to install.
2024-01-20 20:15:08,808:WARNING:
'cuml' is a soft dependency and not included in the pycaret installation. Please run: `pip install cuml` to install.
2024-01-20 20:15:08,808:WARNING:
'cuml' is a soft dependency and not included in the pycaret installation. Please run: `pip install cuml` to install.
2024-01-20 20:15:08,808:WARNING:
'cuml' is a soft dependency and not included in the pycaret installation. Please run: `pip install cuml` to install.
